<?xml version="1.0" encoding="UTF-8"?>
<!-- Generated by org.testng.reporters.JUnitXMLReporter -->
<testsuite ignored="3" hostname="LIN25008829" failures="0" tests="0" time="0.02" errors="0" timestamp="2025-02-08T19:00:52 IST">
  <testcase classname="day_45.ParamTest" name="testTitle" time="0.0">
    <ignored/>
  </testcase> <!-- testTitle -->
  <testcase classname="day_45.ParamTest" name="testUrl" time="0.0">
    <ignored/>
  </testcase> <!-- testUrl -->
  <testcase classname="day_45.ParamTest" name="testLogo" time="0.0">
    <ignored/>
  </testcase> <!-- testLogo -->
</testsuite>
