<?xml version="1.0" encoding="UTF-8"?>
<!-- Generated by org.testng.reporters.JUnitXMLReporter -->
<testsuite ignored="0" hostname="LIN25008829" failures="0" tests="7" name=" my test" time="18.169" errors="0" timestamp="2025-01-31T10:59:43 IST">
  <testcase classname="day_42.myFirstTestCase" name="openurl" time="0.013"/>
  <testcase classname="day_42.myFirstTestCase" name="logout" time="0.001"/>
  <testcase classname="day_42.myFirstTestCase" name="login" time="0.001"/>
  <testcase classname="day_42.OrangeHRMTest" name="openApp" time="11.469"/>
  <testcase classname="day_42.OrangeHRMTest" name="testLogo" time="1.278"/>
  <testcase classname="day_42.OrangeHRMTest" name="login" time="0.381"/>
  <testcase classname="day_42.OrangeHRMTest" name="logout" time="4.962"/>
</testsuite> <!--  my test -->
