<?xml version="1.0" encoding="UTF-8"?>
<!-- Generated by org.testng.reporters.JUnitXMLReporter -->
<testsuite ignored="6" hostname="LIN25008829" failures="0" tests="3" name="GroupingTest" time="0.086" errors="0" timestamp="2025-02-04T10:15:22 IST">
  <testcase classname="day_44.PaymentTest" name="paymentByrupees" time="0.017"/>
  <testcase classname="day_44.PaymentTest" name="paymentBydollar" time="0.002"/>
  <testcase classname="day_44.PaymentTest" name="paymentBypound" time="0.001"/>
  <testcase classname="day_44.LoginTest" name="loginByEmail" time="0.0">
    <ignored/>
  </testcase> <!-- loginByEmail -->
  <testcase classname="day_44.LoginTest" name="loginByFB" time="0.0">
    <ignored/>
  </testcase> <!-- loginByFB -->
  <testcase classname="day_44.LoginTest" name="loginByTwitter" time="0.0">
    <ignored/>
  </testcase> <!-- loginByTwitter -->
  <testcase classname="day_44.SignUpTest" name="SignupByFB" time="0.0">
    <ignored/>
  </testcase> <!-- SignupByFB -->
  <testcase classname="day_44.SignUpTest" name="SignupByEmail" time="0.0">
    <ignored/>
  </testcase> <!-- SignupByEmail -->
  <testcase classname="day_44.SignUpTest" name="SignupByTwitter" time="0.0">
    <ignored/>
  </testcase> <!-- SignupByTwitter -->
</testsuite> <!-- GroupingTest -->
