<?xml version="1.0" encoding="UTF-8"?>
<!-- Generated by org.testng.reporters.JUnitXMLReporter -->
<testsuite ignored="0" hostname="LIN25008829" failures="1" tests="3" name="Test" time="19.655" errors="0" timestamp="2025-02-07T19:24:27 IST">
  <testcase classname="day_46.OrangeHrm" name="testLogo" time="0.09">
    <failure type="java.lang.AssertionError" message="expected [true] but found [false]">
      <![CDATA[java.lang.AssertionError: expected [true] but found [false]
at day_46.OrangeHrm.testLogo(OrangeHrm.java:38)
at java.base/java.util.ArrayList.forEach(ArrayList.java:1596)
... Removed 31 stack frames]]>
    </failure>
  </testcase> <!-- testLogo -->
  <testcase classname="day_46.OrangeHrm" name="testTitle" time="0.055"/>
  <testcase classname="day_46.OrangeHrm" name="testUrl" time="0.032"/>
</testsuite> <!-- Test -->
